<?xml version="1.0" encoding="UTF-8"?>
<!-- Generated by org.testng.reporters.JUnitReportReporter -->
<testsuite hostname="DESKTOP-18G26Q6" failures="0" tests="1" name="com.yadhu.tests.CheckoutPage" time="97.874" errors="0" timestamp="2024-05-18T20:44:15 IST" skipped="0">
  <testcase classname="com.yadhu.tests.CheckoutPage" name="AddToCart" time="97.874"/>
</testsuite> <!-- com.yadhu.tests.CheckoutPage -->
